#
# A fatal error has been detected by the Java Runtime Environment:
#
#  SIGSEGV (0xb) at pc=0x00007f9503f3380e, pid=14588, tid=140277594392320
#
# JRE version: Java(TM) SE Runtime Environment (8.0_66-b17) (build 1.8.0_66-b17)
# Java VM: Java HotSpot(TM) 64-Bit Server VM (25.66-b17 mixed mode linux-amd64 compressed oops)
# Problematic frame:
# V  [libjvm.so+0x8a580e]  Method::checked_resolve_jmethod_id(_jmethodID*)+0x2e
#
# Failed to write core dump. Core dumps have been disabled. To enable core dumping, try "ulimit -c unlimited" before starting Java again
#
# If you would like to submit a bug report, please visit:
#   http://bugreport.java.com/bugreport/crash.jsp
#

---------------  T H R E A D  ---------------

Current thread (0x00007f94fc0c0000):  JavaThread "JDWP Transport Listener: dt_socket" daemon [_thread_in_vm, id=14598, stack(0x00007f94ec1f0000,0x00007f94ec2f1000)]

siginfo: si_signo: 11 (SIGSEGV), si_code: 128 (SI_KERNEL), si_addr: 0x0000000000000000

Registers:
RAX=0x0000000000000001, RBX=0xe05d8948e5894855, RCX=0x00007f9505065340, RDX=0x00007f950463d560
RSP=0x00007f94ec2ef950, RBP=0x00007f94ec2ef960, RSI=0x00007f94fc0c0000, RDI=0x00007f9502b27560
R8 =0x00007f94c8013830, R9 =0x0000000000000000, R10=0x0000000000000040, R11=0x00007f95047ff1f0
R12=0x0000000000000017, R13=0x00007f9502b27560, R14=0x00007f94fc0c0000, R15=0x00007f94ec2efa67
RIP=0x00007f9503f3380e, EFLAGS=0x0000000000010296, CSGSFS=0x0000000000000033, ERR=0x0000000000000000
  TRAPNO=0x000000000000000d

Top of Stack: (sp=0x00007f94ec2ef950)
0x00007f94ec2ef950:   0000000000000074 00007f94fc003d60
0x00007f94ec2ef960:   00007f94ec2ef9d0 00007f9503dc42de
0x00007f94ec2ef970:   00007f94ec2ef990 00007f94ec2ef980
0x00007f94ec2ef980:   00007f94fc0c0000 0000000000000000
0x00007f94ec2ef990:   00007f9400000000 0000000000000000
0x00007f94ec2ef9a0:   00007f94ec2ef9c0 00007f9502d42e40
0x00007f94ec2ef9b0:   00007f9502b27560 00007f94ec2efa67
0x00007f94ec2ef9c0:   0000000000000005 00007f94ec2efa67
0x00007f94ec2ef9d0:   00007f94ec2efa00 00007f9502b2e8c2
0x00007f94ec2ef9e0:   00007f94ec2efa00 00007f9502b27560
0x00007f94ec2ef9f0:   00007f94ec2efad0 0000000000000028
0x00007f94ec2efa00:   00007f94ec2efa90 00007f9502b0faa0
0x00007f94ec2efa10:   00007f94ec2efa48 00007f94ec2efa40
0x00007f94ec2efa20:   00007f94ec2efa38 00007f94ec2efa5c
0x00007f94ec2efa30:   00000001c80034a0 0000000000000000
0x00007f94ec2efa40:   0000000000000000 0000000000000000
0x00007f94ec2efa50:   00007f94c8007810 00000001ec2efad0
0x00007f94ec2efa60:   0000000000000006 0000000000000002
0x00007f94ec2efa70:   000000000000000f 0000000000000002
0x00007f94ec2efa80:   00000000000f0200 000000000000000f
0x00007f94ec2efa90:   00007f94ec2efce0 00007f9502b1a9c6
0x00007f94ec2efaa0:   00005a9e00000013 00007f95030f0200
0x00007f94ec2efab0:   00007f94c0000ba0 0000000000000000
0x00007f94ec2efac0:   00007f94ec2efad0 00007f94ec2efc60
0x00007f94ec2efad0:   00007f94c800c145 00007f95000001c3
0x00007f94ec2efae0:   00007f94c8008320 000000000000012c
0x00007f94ec2efaf0:   00007f94ec2efb20 00007f94c8008320
0x00007f94ec2efb00:   00007f0000000000 00005a9e0000000f
0x00007f94ec2efb10:   00007f9500008980 00007f94ec2efb20
0x00007f94ec2efb20:   947f000006000000 0a000000b83a00c8
0x00007f94ec2efb30:   7661655274696e69 4c28240000007265
0x00007f94ec2efb40:   6974752f6176616a 4c3b7473694c2f6c 

Instructions: (pc=0x00007f9503f3380e)
0x00007f9503f337ee:   31 db 48 89 d8 48 83 c4 08 5b c9 c3 66 0f 1f 44
0x00007f9503f337fe:   00 00 48 8b 1f 48 85 db 74 e6 48 83 fb 37 74 e0
0x00007f9503f3380e:   48 8b 03 48 89 df ff 50 10 84 c0 0f 1f 80 00 00
0x00007f9503f3381e:   00 00 75 ce 66 0f 1f 44 00 00 eb c4 66 0f 1f 44 

Register to memory mapping:

RAX=0x0000000000000001 is an unknown value
RBX=0xe05d8948e5894855 is an unknown value
RCX=0x00007f9505065340: <offset 0x219340> in /lib/x86_64-linux-gnu/libpthread.so.0 at 0x00007f9504e4c000
RDX=0x00007f950463d560: <offset 0xfaf560> in /usr/lib/jvm/java-8-oracle/jre/lib/amd64/server/libjvm.so at 0x00007f950368e000
RSP=0x00007f94ec2ef950 is pointing into the stack for thread: 0x00007f94fc0c0000
RBP=0x00007f94ec2ef960 is pointing into the stack for thread: 0x00007f94fc0c0000
RSI=0x00007f94fc0c0000 is a thread
RDI=0x00007f9502b27560: <offset 0x1e560> in /usr/lib/jvm/java-8-oracle/jre/lib/amd64/libjdwp.so at 0x00007f9502b09000
R8 =0x00007f94c8013830 is an unknown value
R9 =0x0000000000000000 is an unknown value
R10=0x0000000000000040 is an unknown value
R11=0x00007f95047ff1f0: <offset 0x1971f0> in /lib/x86_64-linux-gnu/libc.so.6 at 0x00007f9504668000
R12=0x0000000000000017 is an unknown value
R13=0x00007f9502b27560: <offset 0x1e560> in /usr/lib/jvm/java-8-oracle/jre/lib/amd64/libjdwp.so at 0x00007f9502b09000
R14=0x00007f94fc0c0000 is a thread
R15=0x00007f94ec2efa67 is pointing into the stack for thread: 0x00007f94fc0c0000


Stack: [0x00007f94ec1f0000,0x00007f94ec2f1000],  sp=0x00007f94ec2ef950,  free space=1022k
Native frames: (J=compiled Java code, j=interpreted, Vv=VM code, C=native code)
V  [libjvm.so+0x8a580e]  Method::checked_resolve_jmethod_id(_jmethodID*)+0x2e
V  [libjvm.so+0x7362de]  jvmti_IsMethodSynthetic+0x2be
C  [libjdwp.so+0x258c2]  isMethodSynthetic+0x42
C  [libjdwp.so+0x6aa0]  methods1+0x1b0
C  [libjdwp.so+0x119c6]  debugLoop_run+0x2b6
C  [libjdwp.so+0x247ff]  attachThread+0x2f
V  [libjvm.so+0x7a2a62]  JvmtiAgentThread::call_start_function()+0xc2
V  [libjvm.so+0xa68fff]  JavaThread::thread_main_inner()+0xdf
V  [libjvm.so+0xa6912c]  JavaThread::run()+0x11c
V  [libjvm.so+0x91cc68]  java_start(Thread*)+0x108
C  [libpthread.so.0+0x76aa]  start_thread+0xca


---------------  P R O C E S S  ---------------

Java Threads: ( => current thread )
  0x00007f94fc0ce000 JavaThread "Service Thread" daemon [_thread_blocked, id=14605, stack(0x00007f94e4fdc000,0x00007f94e50dd000)]
  0x00007f94fc0c9000 JavaThread "C1 CompilerThread1" daemon [_thread_blocked, id=14604, stack(0x00007f94e50dd000,0x00007f94e51de000)]
  0x00007f94fc0c6000 JavaThread "C2 CompilerThread0" daemon [_thread_blocked, id=14603, stack(0x00007f94e51de000,0x00007f94e52df000)]
  0x00007f94c8001000 JavaThread "JDWP Command Reader" daemon [_thread_in_native, id=14601, stack(0x00007f94e52df000,0x00007f94e53e0000)]
  0x00007f94fc0c3800 JavaThread "JDWP Event Helper Thread" daemon [_thread_blocked, id=14600, stack(0x00007f94ec0ef000,0x00007f94ec1f0000)]
=>0x00007f94fc0c0000 JavaThread "JDWP Transport Listener: dt_socket" daemon [_thread_in_vm, id=14598, stack(0x00007f94ec1f0000,0x00007f94ec2f1000)]
  0x00007f94fc0b3800 JavaThread "Signal Dispatcher" daemon [_thread_blocked, id=14597, stack(0x00007f94ec4f5000,0x00007f94ec5f6000)]
  0x00007f94fc07e800 JavaThread "Finalizer" daemon [_thread_blocked, id=14595, stack(0x00007f94ec5f6000,0x00007f94ec6f7000)]
  0x00007f94fc07c800 JavaThread "Reference Handler" daemon [_thread_blocked, id=14594, stack(0x00007f94ec6f7000,0x00007f94ec7f8000)]
  0x00007f94fc00d800 JavaThread "main" [_thread_blocked, id=14589, stack(0x00007f950515f000,0x00007f9505260000)]

Other Threads:
  0x00007f94fc077000 VMThread [stack: 0x00007f94ec7f8000,0x00007f94ec8f9000] [id=14592]
  0x00007f94fc0d1000 WatcherThread [stack: 0x00007f94e4edb000,0x00007f94e4fdc000] [id=14606]

VM state:not at safepoint (normal execution)

VM Mutex/Monitor currently owned by a thread: None

Heap:
 PSYoungGen      total 27136K, used 4711K [0x00000000e2980000, 0x00000000e4780000, 0x0000000100000000)
  eden space 23552K, 20% used [0x00000000e2980000,0x00000000e2e19da8,0x00000000e4080000)
  from space 3584K, 0% used [0x00000000e4400000,0x00000000e4400000,0x00000000e4780000)
  to   space 3584K, 0% used [0x00000000e4080000,0x00000000e4080000,0x00000000e4400000)
 ParOldGen       total 61440K, used 0K [0x00000000a7c00000, 0x00000000ab800000, 0x00000000e2980000)
  object space 61440K, 0% used [0x00000000a7c00000,0x00000000a7c00000,0x00000000ab800000)
 Metaspace       used 4340K, capacity 4858K, committed 4992K, reserved 1056768K
  class space    used 519K, capacity 576K, committed 640K, reserved 1048576K

Card table byte_map: [0x00007f9501432000,0x00007f95016f5000] byte_map_base: 0x00007f9500ef4000

Marking Bits: (ParMarkBitMap*) 0x00007f950463d020
 Begin Bits: [0x00007f94e53e0000, 0x00007f94e69f0000)
 End Bits:   [0x00007f94e69f0000, 0x00007f94e8000000)

Polling page: 0x00007f950528a000

CodeCache: size=245760Kb used=1125Kb max_used=1125Kb free=244634Kb
 bounds [0x00007f94ed000000, 0x00007f94ed270000, 0x00007f94fc000000]
 total_blobs=322 nmethods=67 adapters=179
 compilation: enabled

Compilation events (10 events):
Event: 49,280 Thread 0x00007f94fc0c9000   63       3       java.lang.String::<init> (82 bytes)
Event: 49,282 Thread 0x00007f94fc0c9000 nmethod 63 0x00007f94ed117690 code [0x00007f94ed117880, 0x00007f94ed117db8]
Event: 62,455 Thread 0x00007f94fc0c9000   64       3       java.lang.StringBuilder::<init> (7 bytes)
Event: 62,456 Thread 0x00007f94fc0c9000 nmethod 64 0x00007f94ed1180d0 code [0x00007f94ed118240, 0x00007f94ed1184f0]
Event: 62,456 Thread 0x00007f94fc0c9000   65       3       java.lang.AbstractStringBuilder::expandCapacity (50 bytes)
Event: 62,456 Thread 0x00007f94fc0c9000 nmethod 65 0x00007f94ed118610 code [0x00007f94ed1187c0, 0x00007f94ed118d38]
Event: 64,163 Thread 0x00007f94fc0c9000   66       3       java.lang.StringBuilder::toString (17 bytes)
Event: 64,164 Thread 0x00007f94fc0c9000 nmethod 66 0x00007f94ed118f90 code [0x00007f94ed119100, 0x00007f94ed119308]
Event: 80,244 Thread 0x00007f94fc0c9000   67       1       java.util.ArrayList::size (5 bytes)
Event: 80,244 Thread 0x00007f94fc0c9000 nmethod 67 0x00007f94ed1193d0 code [0x00007f94ed119520, 0x00007f94ed119630]

GC Heap History (0 events):
No events

Deoptimization events (0 events):
No events

Internal exceptions (8 events):
Event: 0,084 Thread 0x00007f94fc00d800 Exception <a 'java/lang/NoSuchMethodError': Method sun.misc.Unsafe.defineClass(Ljava/lang/String;[BII)Ljava/lang/Class; name or signature does not match> (0x00000000e2992b90) thrown at [/HUDSON/workspace/8-2-build-linux-amd64/jdk8u66/4988/hotspot/src/shar
Event: 0,084 Thread 0x00007f94fc00d800 Exception <a 'java/lang/NoSuchMethodError': Method sun.misc.Unsafe.prefetchRead(Ljava/lang/Object;J)V name or signature does not match> (0x00000000e2992e78) thrown at [/HUDSON/workspace/8-2-build-linux-amd64/jdk8u66/4988/hotspot/src/share/vm/prims/jni.cpp
Event: 11,432 Thread 0x00007f94fc00d800 Exception <a 'java/lang/NoSuchFieldError': method resolution failed> (0x00000000e2c26130) thrown at [/HUDSON/workspace/8-2-build-linux-amd64/jdk8u66/4988/hotspot/src/share/vm/prims/methodHandles.cpp, line 1146]
Event: 11,487 Thread 0x00007f94fc00d800 Exception <a 'java/lang/NoSuchFieldError': method resolution failed> (0x00000000e2c33900) thrown at [/HUDSON/workspace/8-2-build-linux-amd64/jdk8u66/4988/hotspot/src/share/vm/prims/methodHandles.cpp, line 1146]
Event: 14,596 Thread 0x00007f94fc00d800 Exception <a 'java/security/PrivilegedActionException'> (0x00000000e2cf6048) thrown at [/HUDSON/workspace/8-2-build-linux-amd64/jdk8u66/4988/hotspot/src/share/vm/prims/jvm.cpp, line 1386]
Event: 14,597 Thread 0x00007f94fc00d800 Exception <a 'java/security/PrivilegedActionException'> (0x00000000e2cf6440) thrown at [/HUDSON/workspace/8-2-build-linux-amd64/jdk8u66/4988/hotspot/src/share/vm/prims/jvm.cpp, line 1386]
Event: 14,605 Thread 0x00007f94fc00d800 Exception <a 'java/security/PrivilegedActionException'> (0x00000000e2cf8c50) thrown at [/HUDSON/workspace/8-2-build-linux-amd64/jdk8u66/4988/hotspot/src/share/vm/prims/jvm.cpp, line 1386]
Event: 14,606 Thread 0x00007f94fc00d800 Exception <a 'java/security/PrivilegedActionException'> (0x00000000e2cf9048) thrown at [/HUDSON/workspace/8-2-build-linux-amd64/jdk8u66/4988/hotspot/src/share/vm/prims/jvm.cpp, line 1386]

Events (10 events):
Event: 265,959 Executing VM operation: ChangeBreakpoints
Event: 265,959 Executing VM operation: ChangeBreakpoints done
Event: 349,910 Executing VM operation: ChangeBreakpoints
Event: 349,910 Executing VM operation: ChangeBreakpoints done
Event: 349,912 Executing VM operation: ChangeBreakpoints
Event: 349,913 Executing VM operation: ChangeBreakpoints done
Event: 349,916 Executing VM operation: RedefineClasses
Event: 349,916 Executing VM operation: RedefineClasses done
Event: 349,949 Executing VM operation: ChangeBreakpoints
Event: 349,949 Executing VM operation: ChangeBreakpoints done


Dynamic libraries:
00400000-00401000 r-xp 00000000 08:05 1057208                            /usr/lib/jvm/java-8-oracle/bin/java
00600000-00601000 rw-p 00000000 08:05 1057208                            /usr/lib/jvm/java-8-oracle/bin/java
0122d000-0124e000 rw-p 00000000 00:00 0                                  [heap]
a7c00000-ab800000 rw-p 00000000 00:00 0 
ab800000-e2980000 ---p 00000000 00:00 0 
e2980000-e4780000 rw-p 00000000 00:00 0 
e4780000-100000000 ---p 00000000 00:00 0 
100000000-1000a0000 rw-p 00000000 00:00 0 
1000a0000-140000000 ---p 00000000 00:00 0 
7f94b0000000-7f94b0021000 rw-p 00000000 00:00 0 
7f94b0021000-7f94b4000000 ---p 00000000 00:00 0 
7f94b4000000-7f94b428d000 rw-p 00000000 00:00 0 
7f94b428d000-7f94b8000000 ---p 00000000 00:00 0 
7f94b8000000-7f94b8025000 rw-p 00000000 00:00 0 
7f94b8025000-7f94bc000000 ---p 00000000 00:00 0 
7f94bc000000-7f94bc021000 rw-p 00000000 00:00 0 
7f94bc021000-7f94c0000000 ---p 00000000 00:00 0 
7f94c0000000-7f94c0021000 rw-p 00000000 00:00 0 
7f94c0021000-7f94c4000000 ---p 00000000 00:00 0 
7f94c4000000-7f94c4046000 rw-p 00000000 00:00 0 
7f94c4046000-7f94c8000000 ---p 00000000 00:00 0 
7f94c8000000-7f94c82ae000 rw-p 00000000 00:00 0 
7f94c82ae000-7f94cc000000 ---p 00000000 00:00 0 
7f94cc000000-7f94cc027000 rw-p 00000000 00:00 0 
7f94cc027000-7f94d0000000 ---p 00000000 00:00 0 
7f94d0000000-7f94d0021000 rw-p 00000000 00:00 0 
7f94d0021000-7f94d4000000 ---p 00000000 00:00 0 
7f94d4000000-7f94d4021000 rw-p 00000000 00:00 0 
7f94d4021000-7f94d8000000 ---p 00000000 00:00 0 
7f94d8000000-7f94d8021000 rw-p 00000000 00:00 0 
7f94d8021000-7f94dc000000 ---p 00000000 00:00 0 
7f94dc000000-7f94dc021000 rw-p 00000000 00:00 0 
7f94dc021000-7f94e0000000 ---p 00000000 00:00 0 
7f94e0000000-7f94e0021000 rw-p 00000000 00:00 0 
7f94e0021000-7f94e4000000 ---p 00000000 00:00 0 
7f94e4edb000-7f94e4edc000 ---p 00000000 00:00 0 
7f94e4edc000-7f94e4fdc000 rw-p 00000000 00:00 0                          [stack:14606]
7f94e4fdc000-7f94e4fdf000 ---p 00000000 00:00 0 
7f94e4fdf000-7f94e50dd000 rw-p 00000000 00:00 0                          [stack:14605]
7f94e50dd000-7f94e50e0000 ---p 00000000 00:00 0 
7f94e50e0000-7f94e51de000 rw-p 00000000 00:00 0                          [stack:14604]
7f94e51de000-7f94e51e1000 ---p 00000000 00:00 0 
7f94e51e1000-7f94e52df000 rw-p 00000000 00:00 0                          [stack:14603]
7f94e52df000-7f94e52e2000 ---p 00000000 00:00 0 
7f94e52e2000-7f94e8000000 rw-p 00000000 00:00 0                          [stack:14601]
7f94e8000000-7f94e8021000 rw-p 00000000 00:00 0 
7f94e8021000-7f94ec000000 ---p 00000000 00:00 0 
7f94ec0ef000-7f94ec0f2000 ---p 00000000 00:00 0 
7f94ec0f2000-7f94ec1f0000 rw-p 00000000 00:00 0                          [stack:14600]
7f94ec1f0000-7f94ec1f3000 ---p 00000000 00:00 0 
7f94ec1f3000-7f94ec2f1000 rw-p 00000000 00:00 0                          [stack:14598]
7f94ec2f1000-7f94ec2f5000 r-xp 00000000 08:05 1062559                    /usr/lib/jvm/java-8-oracle/jre/lib/amd64/libdt_socket.so
7f94ec2f5000-7f94ec4f4000 ---p 00004000 08:05 1062559                    /usr/lib/jvm/java-8-oracle/jre/lib/amd64/libdt_socket.so
7f94ec4f4000-7f94ec4f5000 rw-p 00003000 08:05 1062559                    /usr/lib/jvm/java-8-oracle/jre/lib/amd64/libdt_socket.so
7f94ec4f5000-7f94ec4f8000 ---p 00000000 00:00 0 
7f94ec4f8000-7f94ec5f6000 rw-p 00000000 00:00 0                          [stack:14597]
7f94ec5f6000-7f94ec5f9000 ---p 00000000 00:00 0 
7f94ec5f9000-7f94ec6f7000 rw-p 00000000 00:00 0                          [stack:14595]
7f94ec6f7000-7f94ec6fa000 ---p 00000000 00:00 0 
7f94ec6fa000-7f94ec7f8000 rw-p 00000000 00:00 0                          [stack:14594]
7f94ec7f8000-7f94ec7f9000 ---p 00000000 00:00 0 
7f94ec7f9000-7f94ed000000 rw-p 00000000 00:00 0                          [stack:14592]
7f94ed000000-7f94ed270000 rwxp 00000000 00:00 0 
7f94ed270000-7f94fc000000 ---p 00000000 00:00 0 
7f94fc000000-7f94fc177000 rw-p 00000000 00:00 0 
7f94fc177000-7f9500000000 ---p 00000000 00:00 0 
7f950009d000-7f95000a0000 ---p 00000000 00:00 0 
7f95000a0000-7f9500348000 rw-p 00000000 00:00 0 
7f9500348000-7f9500521000 r--s 03d20000 08:05 1062389                    /usr/lib/jvm/java-8-oracle/jre/lib/rt.jar
7f9500521000-7f95009d7000 rw-p 00000000 00:00 0 
7f95009d7000-7f9500d97000 ---p 00000000 00:00 0 
7f9500d97000-7f9501059000 rw-p 00000000 00:00 0 
7f9501059000-7f950105a000 ---p 00000000 00:00 0 
7f950105a000-7f950115a000 rw-p 00000000 00:00 0                          [stack:14591]
7f950115a000-7f950115b000 ---p 00000000 00:00 0 
7f950115b000-7f9501279000 rw-p 00000000 00:00 0                          [stack:14590]
7f9501279000-7f9501432000 ---p 00000000 00:00 0 
7f9501432000-7f9501450000 rw-p 00000000 00:00 0 
7f9501450000-7f9501608000 ---p 00000000 00:00 0 
7f9501608000-7f9501618000 rw-p 00000000 00:00 0 
7f9501618000-7f95016f4000 ---p 00000000 00:00 0 
7f95016f4000-7f95016ff000 rw-p 00000000 00:00 0 
7f95016ff000-7f9501ab5000 ---p 00000000 00:00 0 
7f9501ab5000-7f9501acf000 r-xp 00000000 08:05 1062589                    /usr/lib/jvm/java-8-oracle/jre/lib/amd64/libzip.so
7f9501acf000-7f9501ccf000 ---p 0001a000 08:05 1062589                    /usr/lib/jvm/java-8-oracle/jre/lib/amd64/libzip.so
7f9501ccf000-7f9501cd0000 rw-p 0001a000 08:05 1062589                    /usr/lib/jvm/java-8-oracle/jre/lib/amd64/libzip.so
7f9501cd0000-7f9501cdc000 r-xp 00000000 08:05 524420                     /lib/x86_64-linux-gnu/libnss_files-2.21.so
7f9501cdc000-7f9501edb000 ---p 0000c000 08:05 524420                     /lib/x86_64-linux-gnu/libnss_files-2.21.so
7f9501edb000-7f9501edc000 r--p 0000b000 08:05 524420                     /lib/x86_64-linux-gnu/libnss_files-2.21.so
7f9501edc000-7f9501edd000 rw-p 0000c000 08:05 524420                     /lib/x86_64-linux-gnu/libnss_files-2.21.so
7f9501edd000-7f9501ee8000 r-xp 00000000 08:05 524431                     /lib/x86_64-linux-gnu/libnss_nis-2.21.so
7f9501ee8000-7f95020e7000 ---p 0000b000 08:05 524431                     /lib/x86_64-linux-gnu/libnss_nis-2.21.so
7f95020e7000-7f95020e8000 r--p 0000a000 08:05 524431                     /lib/x86_64-linux-gnu/libnss_nis-2.21.so
7f95020e8000-7f95020e9000 rw-p 0000b000 08:05 524431                     /lib/x86_64-linux-gnu/libnss_nis-2.21.so
7f95020e9000-7f9502100000 r-xp 00000000 08:05 524425                     /lib/x86_64-linux-gnu/libnsl-2.21.so
7f9502100000-7f95022ff000 ---p 00017000 08:05 524425                     /lib/x86_64-linux-gnu/libnsl-2.21.so
7f95022ff000-7f9502300000 r--p 00016000 08:05 524425                     /lib/x86_64-linux-gnu/libnsl-2.21.so
7f9502300000-7f9502301000 rw-p 00017000 08:05 524425                     /lib/x86_64-linux-gnu/libnsl-2.21.so
7f9502301000-7f9502303000 rw-p 00000000 00:00 0 
7f9502303000-7f950230b000 r-xp 00000000 08:05 524421                     /lib/x86_64-linux-gnu/libnss_compat-2.21.so
7f950230b000-7f950250a000 ---p 00008000 08:05 524421                     /lib/x86_64-linux-gnu/libnss_compat-2.21.so
7f950250a000-7f950250b000 r--p 00007000 08:05 524421                     /lib/x86_64-linux-gnu/libnss_compat-2.21.so
7f950250b000-7f950250c000 rw-p 00008000 08:05 524421                     /lib/x86_64-linux-gnu/libnss_compat-2.21.so
7f950250c000-7f9502906000 r--p 00000000 08:05 1056028                    /usr/lib/locale/locale-archive
7f9502906000-7f9502908000 r-xp 00000000 08:05 1062560                    /usr/lib/jvm/java-8-oracle/jre/lib/amd64/libnpt.so
7f9502908000-7f9502b08000 ---p 00002000 08:05 1062560                    /usr/lib/jvm/java-8-oracle/jre/lib/amd64/libnpt.so
7f9502b08000-7f9502b09000 rw-p 00002000 08:05 1062560                    /usr/lib/jvm/java-8-oracle/jre/lib/amd64/libnpt.so
7f9502b09000-7f9502b42000 r-xp 00000000 08:05 1062578                    /usr/lib/jvm/java-8-oracle/jre/lib/amd64/libjdwp.so
7f9502b42000-7f9502d41000 ---p 00039000 08:05 1062578                    /usr/lib/jvm/java-8-oracle/jre/lib/amd64/libjdwp.so
7f9502d41000-7f9502d43000 rw-p 00038000 08:05 1062578                    /usr/lib/jvm/java-8-oracle/jre/lib/amd64/libjdwp.so
7f9502d43000-7f9502d6d000 r-xp 00000000 08:05 1062584                    /usr/lib/jvm/java-8-oracle/jre/lib/amd64/libjava.so
7f9502d6d000-7f9502f6d000 ---p 0002a000 08:05 1062584                    /usr/lib/jvm/java-8-oracle/jre/lib/amd64/libjava.so
7f9502f6d000-7f9502f6f000 rw-p 0002a000 08:05 1062584                    /usr/lib/jvm/java-8-oracle/jre/lib/amd64/libjava.so
7f9502f6f000-7f9502f7c000 r-xp 00000000 08:05 1062588                    /usr/lib/jvm/java-8-oracle/jre/lib/amd64/libverify.so
7f9502f7c000-7f950317c000 ---p 0000d000 08:05 1062588                    /usr/lib/jvm/java-8-oracle/jre/lib/amd64/libverify.so
7f950317c000-7f950317e000 rw-p 0000d000 08:05 1062588                    /usr/lib/jvm/java-8-oracle/jre/lib/amd64/libverify.so
7f950317e000-7f9503185000 r-xp 00000000 08:05 524418                     /lib/x86_64-linux-gnu/librt-2.21.so
7f9503185000-7f9503384000 ---p 00007000 08:05 524418                     /lib/x86_64-linux-gnu/librt-2.21.so
7f9503384000-7f9503385000 r--p 00006000 08:05 524418                     /lib/x86_64-linux-gnu/librt-2.21.so
7f9503385000-7f9503386000 rw-p 00007000 08:05 524418                     /lib/x86_64-linux-gnu/librt-2.21.so
7f9503386000-7f950348d000 r-xp 00000000 08:05 524433                     /lib/x86_64-linux-gnu/libm-2.21.so
7f950348d000-7f950368c000 ---p 00107000 08:05 524433                     /lib/x86_64-linux-gnu/libm-2.21.so
7f950368c000-7f950368d000 r--p 00106000 08:05 524433                     /lib/x86_64-linux-gnu/libm-2.21.so
7f950368d000-7f950368e000 rw-p 00107000 08:05 524433                     /lib/x86_64-linux-gnu/libm-2.21.so
7f950368e000-7f950434c000 r-xp 00000000 08:05 1062567                    /usr/lib/jvm/java-8-oracle/jre/lib/amd64/server/libjvm.so
7f950434c000-7f950454b000 ---p 00cbe000 08:05 1062567                    /usr/lib/jvm/java-8-oracle/jre/lib/amd64/server/libjvm.so
7f950454b000-7f9504624000 rw-p 00cbd000 08:05 1062567                    /usr/lib/jvm/java-8-oracle/jre/lib/amd64/server/libjvm.so
7f9504624000-7f9504668000 rw-p 00000000 00:00 0 
7f9504668000-7f9504828000 r-xp 00000000 08:05 524434                     /lib/x86_64-linux-gnu/libc-2.21.so
7f9504828000-7f9504a28000 ---p 001c0000 08:05 524434                     /lib/x86_64-linux-gnu/libc-2.21.so
7f9504a28000-7f9504a2c000 r--p 001c0000 08:05 524434                     /lib/x86_64-linux-gnu/libc-2.21.so
7f9504a2c000-7f9504a2e000 rw-p 001c4000 08:05 524434                     /lib/x86_64-linux-gnu/libc-2.21.so
7f9504a2e000-7f9504a32000 rw-p 00000000 00:00 0 
7f9504a32000-7f9504a35000 r-xp 00000000 08:05 524430                     /lib/x86_64-linux-gnu/libdl-2.21.so
7f9504a35000-7f9504c34000 ---p 00003000 08:05 524430                     /lib/x86_64-linux-gnu/libdl-2.21.so
7f9504c34000-7f9504c35000 r--p 00002000 08:05 524430                     /lib/x86_64-linux-gnu/libdl-2.21.so
7f9504c35000-7f9504c36000 rw-p 00003000 08:05 524430                     /lib/x86_64-linux-gnu/libdl-2.21.so
7f9504c36000-7f9504c4b000 r-xp 00000000 08:05 1062204                    /usr/lib/jvm/java-8-oracle/lib/amd64/jli/libjli.so
7f9504c4b000-7f9504e4b000 ---p 00015000 08:05 1062204                    /usr/lib/jvm/java-8-oracle/lib/amd64/jli/libjli.so
7f9504e4b000-7f9504e4c000 rw-p 00015000 08:05 1062204                    /usr/lib/jvm/java-8-oracle/lib/amd64/jli/libjli.so
7f9504e4c000-7f9504e64000 r-xp 00000000 08:05 524419                     /lib/x86_64-linux-gnu/libpthread-2.21.so
7f9504e64000-7f9505064000 ---p 00018000 08:05 524419                     /lib/x86_64-linux-gnu/libpthread-2.21.so
7f9505064000-7f9505065000 r--p 00018000 08:05 524419                     /lib/x86_64-linux-gnu/libpthread-2.21.so
7f9505065000-7f9505066000 rw-p 00019000 08:05 524419                     /lib/x86_64-linux-gnu/libpthread-2.21.so
7f9505066000-7f950506a000 rw-p 00000000 00:00 0 
7f950506a000-7f950508e000 r-xp 00000000 08:05 524428                     /lib/x86_64-linux-gnu/ld-2.21.so
7f9505098000-7f950515f000 rw-p 00000000 00:00 0 
7f950515f000-7f9505162000 ---p 00000000 00:00 0 
7f9505162000-7f9505281000 rw-p 00000000 00:00 0                          [stack:14589]
7f9505281000-7f9505289000 rw-s 00000000 08:05 1589815                    /tmp/hsperfdata_georgipavlov/14588
7f9505289000-7f950528a000 rw-p 00000000 00:00 0 
7f950528a000-7f950528b000 r--p 00000000 00:00 0 
7f950528b000-7f950528d000 rw-p 00000000 00:00 0 
7f950528d000-7f950528e000 r--p 00023000 08:05 524428                     /lib/x86_64-linux-gnu/ld-2.21.so
7f950528e000-7f950528f000 rw-p 00024000 08:05 524428                     /lib/x86_64-linux-gnu/ld-2.21.so
7f950528f000-7f9505290000 rw-p 00000000 00:00 0 
7ffe2d964000-7ffe2d985000 rw-p 00000000 00:00 0                          [stack]
7ffe2d9ce000-7ffe2d9d0000 r--p 00000000 00:00 0                          [vvar]
7ffe2d9d0000-7ffe2d9d2000 r-xp 00000000 00:00 0                          [vdso]
ffffffffff600000-ffffffffff601000 r-xp 00000000 00:00 0                  [vsyscall]

VM Arguments:
jvm_args: -agentlib:jdwp=transport=dt_socket,address=127.0.0.1:42544,suspend=y,server=n -Dfile.encoding=UTF-8 
java_command: comunication.StateManager
java_class_path (initial): /home/georgipavlov/Arrow.S04E15.XviD-AFG/Hackaton/bin:/usr/lib/jvm/java-8-oracle/jre/lib/charsets.jar:/usr/lib/jvm/java-8-oracle/jre/lib/deploy.jar:/usr/lib/jvm/java-8-oracle/jre/lib/ext/cldrdata.jar:/usr/lib/jvm/java-8-oracle/jre/lib/ext/dnsns.jar:/usr/lib/jvm/java-8-oracle/jre/lib/ext/jaccess.jar:/usr/lib/jvm/java-8-oracle/jre/lib/ext/jfxrt.jar:/usr/lib/jvm/java-8-oracle/jre/lib/ext/localedata.jar:/usr/lib/jvm/java-8-oracle/jre/lib/ext/nashorn.jar:/usr/lib/jvm/java-8-oracle/jre/lib/ext/sunec.jar:/usr/lib/jvm/java-8-oracle/jre/lib/ext/sunjce_provider.jar:/usr/lib/jvm/java-8-oracle/jre/lib/ext/sunpkcs11.jar:/usr/lib/jvm/java-8-oracle/jre/lib/ext/zipfs.jar:/usr/lib/jvm/java-8-oracle/jre/lib/javaws.jar:/usr/lib/jvm/java-8-oracle/jre/lib/jce.jar:/usr/lib/jvm/java-8-oracle/jre/lib/jfr.jar:/usr/lib/jvm/java-8-oracle/jre/lib/jfxswt.jar:/usr/lib/jvm/java-8-oracle/jre/lib/jsse.jar:/usr/lib/jvm/java-8-oracle/jre/lib/management-agent.jar:/usr/lib/jvm/java-8-oracle/jre/lib/plugin.jar:/usr/lib/jvm/java-8-oracle/jre/lib/resources.jar:/usr/lib/jvm/java-8-oracle/jre/lib/rt.jar:/home/georgipavlov/Downloads/idea-IU-143.1184.17/lib/idea_rt.jar
Launcher Type: SUN_STANDARD

Environment Variables:
JAVA_HOME=/home/georgipavlov/Downloads/jdk1.8.0_65
PATH=/usr/local/sbin:/usr/local/bin:/usr/sbin:/usr/bin:/sbin:/bin:/usr/games:/usr/local/games:/usr/lib/jvm/java-8-oracle/bin:/usr/lib/jvm/java-8-oracle/db/bin:/usr/lib/jvm/java-8-oracle/jre/bin:/home/georgipavlov/bin:/home/georgipavlov/Downloads/jdk1.8.0_65/bin
LD_LIBRARY_PATH=/home/georgipavlov/Downloads/idea-IU-143.1184.17/bin:
SHELL=/bin/bash
DISPLAY=:0

Signal Handlers:
SIGSEGV: [libjvm.so+0xaba2a0], sa_mask[0]=11111111011111111101111111111110, sa_flags=SA_RESTART|SA_SIGINFO
SIGBUS: [libjvm.so+0xaba2a0], sa_mask[0]=11111111011111111101111111111110, sa_flags=SA_RESTART|SA_SIGINFO
SIGFPE: [libjvm.so+0x917710], sa_mask[0]=11111111011111111101111111111110, sa_flags=SA_RESTART|SA_SIGINFO
SIGPIPE: [libjvm.so+0x917710], sa_mask[0]=11111111011111111101111111111110, sa_flags=SA_RESTART|SA_SIGINFO
SIGXFSZ: [libjvm.so+0x917710], sa_mask[0]=11111111011111111101111111111110, sa_flags=SA_RESTART|SA_SIGINFO
SIGILL: [libjvm.so+0x917710], sa_mask[0]=11111111011111111101111111111110, sa_flags=SA_RESTART|SA_SIGINFO
SIGUSR1: SIG_DFL, sa_mask[0]=00000000000000000000000000000000, sa_flags=none
SIGUSR2: [libjvm.so+0x918d40], sa_mask[0]=00100000000000000000000000000000, sa_flags=SA_RESTART|SA_SIGINFO
SIGHUP: [libjvm.so+0x91a140], sa_mask[0]=11111111011111111101111111111110, sa_flags=SA_RESTART|SA_SIGINFO
SIGINT: [libjvm.so+0x91a140], sa_mask[0]=11111111011111111101111111111110, sa_flags=SA_RESTART|SA_SIGINFO
SIGTERM: [libjvm.so+0x91a140], sa_mask[0]=11111111011111111101111111111110, sa_flags=SA_RESTART|SA_SIGINFO
SIGQUIT: [libjvm.so+0x91a140], sa_mask[0]=11111111011111111101111111111110, sa_flags=SA_RESTART|SA_SIGINFO


---------------  S Y S T E M  ---------------

OS:DISTRIB_ID=Ubuntu
DISTRIB_RELEASE=15.10
DISTRIB_CODENAME=wily
DISTRIB_DESCRIPTION="Ubuntu 15.10"

uname:Linux 4.2.0-16-generic #19-Ubuntu SMP Thu Oct 8 15:35:06 UTC 2015 x86_64
libc:glibc 2.21 NPTL 2.21 
rlimit: STACK 8192k, CORE 0k, NPROC 22429, NOFILE 65536, AS infinity
load average:2,08 1,33 2,12

/proc/meminfo:
MemTotal:        5776000 kB
MemFree:          163992 kB
MemAvailable:    1619648 kB
Buffers:          137780 kB
Cached:          1598968 kB
SwapCached:          464 kB
Active:          3980132 kB
Inactive:        1378680 kB
Active(anon):    3235888 kB
Inactive(anon):   722856 kB
Active(file):     744244 kB
Inactive(file):   655824 kB
Unevictable:          32 kB
Mlocked:              32 kB
SwapTotal:       9764860 kB
SwapFree:        9757372 kB
Dirty:             20076 kB
Writeback:             0 kB
AnonPages:       3621636 kB
Mapped:           671768 kB
Shmem:            336680 kB
Slab:             134520 kB
SReclaimable:      91252 kB
SUnreclaim:        43268 kB
KernelStack:       12608 kB
PageTables:        62288 kB
NFS_Unstable:          0 kB
Bounce:                0 kB
WritebackTmp:          0 kB
CommitLimit:    12652860 kB
Committed_AS:    9661624 kB
VmallocTotal:   34359738367 kB
VmallocUsed:      554112 kB
VmallocChunk:   34358423548 kB
HardwareCorrupted:     0 kB
AnonHugePages:   1744896 kB
CmaTotal:              0 kB
CmaFree:               0 kB
HugePages_Total:       0
HugePages_Free:        0
HugePages_Rsvd:        0
HugePages_Surp:        0
Hugepagesize:       2048 kB
DirectMap4k:      164964 kB
DirectMap2M:     5789696 kB


CPU:total 2 (2 cores per cpu, 1 threads per core) family 6 model 37 stepping 5, cmov, cx8, fxsr, mmx, sse, sse2, sse3, ssse3, popcnt, tsc, tscinvbit

/proc/cpuinfo:
processor	: 0
vendor_id	: GenuineIntel
cpu family	: 6
model		: 37
model name	: Intel(R) Pentium(R) CPU        P6200  @ 2.13GHz
stepping	: 5
microcode	: 0x2
cpu MHz		: 2133.000
cache size	: 3072 KB
physical id	: 0
siblings	: 2
core id		: 0
cpu cores	: 2
apicid		: 0
initial apicid	: 0
fpu		: yes
fpu_exception	: yes
cpuid level	: 11
wp		: yes
flags		: fpu vme de pse tsc msr pae mce cx8 apic sep mtrr pge mca cmov pat pse36 clflush dts acpi mmx fxsr sse sse2 ss ht tm pbe syscall nx rdtscp lm constant_tsc arch_perfmon pebs bts rep_good nopl xtopology nonstop_tsc aperfmperf pni dtes64 monitor ds_cpl est tm2 ssse3 cx16 xtpr pdcm pcid popcnt lahf_lm arat dtherm
bugs		:
bogomips	: 4256.14
clflush size	: 64
cache_alignment	: 64
address sizes	: 36 bits physical, 48 bits virtual
power management:

processor	: 1
vendor_id	: GenuineIntel
cpu family	: 6
model		: 37
model name	: Intel(R) Pentium(R) CPU        P6200  @ 2.13GHz
stepping	: 5
microcode	: 0x2
cpu MHz		: 2133.000
cache size	: 3072 KB
physical id	: 0
siblings	: 2
core id		: 2
cpu cores	: 2
apicid		: 4
initial apicid	: 4
fpu		: yes
fpu_exception	: yes
cpuid level	: 11
wp		: yes
flags		: fpu vme de pse tsc msr pae mce cx8 apic sep mtrr pge mca cmov pat pse36 clflush dts acpi mmx fxsr sse sse2 ss ht tm pbe syscall nx rdtscp lm constant_tsc arch_perfmon pebs bts rep_good nopl xtopology nonstop_tsc aperfmperf pni dtes64 monitor ds_cpl est tm2 ssse3 cx16 xtpr pdcm pcid popcnt lahf_lm arat dtherm
bugs		:
bogomips	: 4256.14
clflush size	: 64
cache_alignment	: 64
address sizes	: 36 bits physical, 48 bits virtual
power management:



Memory: 4k page, physical 5776000k(163992k free), swap 9764860k(9757372k free)

vm_info: Java HotSpot(TM) 64-Bit Server VM (25.66-b17) for linux-amd64 JRE (1.8.0_66-b17), built on Oct  6 2015 17:28:34 by "java_re" with gcc 4.3.0 20080428 (Red Hat 4.3.0-8)

time: Fri Mar 18 07:30:12 2016
elapsed time: 349 seconds (0d 0h 5m 49s)

